Mobile/ikea_app/android/app/build/intermediates/manifest_merge_blame_file/debug/manifest-merger-blame-debug-report.txt
1<?xml version="1.0" encoding="utf-8"?>
2<manifest xmlns:android="http://schemas.android.com/apk/res/android"
3    package="com.ikea_app"
4    android:versionCode="1"
5    android:versionName="1.0" >
6
7    <uses-sdk
8        android:minSdkVersion="21"
9        android:targetSdkVersion="29" />
10
11    <uses-permission android:name="android.permission.SYSTEM_ALERT_WINDOW" />
11-->src\debug\AndroidManifest.xml:5:5-77
11-->src\debug\AndroidManifest.xml:5:22-75
12    <uses-permission android:name="android.permission.INTERNET" />
12-->src\main\AndroidManifest.xml:4:5-67
12-->src\main\AndroidManifest.xml:4:22-64
13    <uses-permission android:name="android.permission.VIBRATE" />
13-->src\main\AndroidManifest.xml:5:5-66
13-->src\main\AndroidManifest.xml:5:22-63
14    <uses-permission android:name="android.permission.RECEIVE_BOOT_COMPLETED" />
14-->src\main\AndroidManifest.xml:6:5-80
14-->src\main\AndroidManifest.xml:6:22-78
15    <uses-permission android:name="android.permission.CAMERA" />
15-->src\main\AndroidManifest.xml:7:5-64
15-->src\main\AndroidManifest.xml:7:22-62
16
17    <uses-feature
17-->src\main\AndroidManifest.xml:8:5-85
18        android:name="android.hardware.camera"
18-->src\main\AndroidManifest.xml:8:19-57
19        android:required="false" />
19-->src\main\AndroidManifest.xml:8:58-82
20    <uses-feature
20-->src\main\AndroidManifest.xml:9:5-91
21        android:name="android.hardware.camera.front"
21-->src\main\AndroidManifest.xml:9:19-63
22        android:required="false" />
22-->src\main\AndroidManifest.xml:9:64-88
23
24    <uses-permission android:name="android.permission.ACCESS_WIFI_STATE" />
24-->[com.facebook.flipper:flipper:0.75.1] AndroidManifest.xml:16:5-76
24-->[com.facebook.flipper:flipper:0.75.1] AndroidManifest.xml:16:22-73
25
26    <queries>
26-->[:react-native-image-crop-picker] AndroidManifest.xml:10:5-14:15
27        <intent>
27-->[:react-native-image-crop-picker] AndroidManifest.xml:11:9-13:18
28            <action android:name="android.media.action.IMAGE_CAPTURE" />
28-->[:react-native-image-crop-picker] AndroidManifest.xml:12:13-73
28-->[:react-native-image-crop-picker] AndroidManifest.xml:12:21-70
29        </intent>
30    </queries>
31
32    <uses-permission android:name="android.permission.WRITE_EXTERNAL_STORAGE" />
32-->[:react-native-image-crop-picker] AndroidManifest.xml:16:5-81
32-->[:react-native-image-crop-picker] AndroidManifest.xml:16:22-78
33    <uses-permission android:name="android.permission.ACCESS_NETWORK_STATE" />
33-->[com.google.firebase:firebase-messaging:21.1.0] AndroidManifest.xml:22:5-79
33-->[com.google.firebase:firebase-messaging:21.1.0] AndroidManifest.xml:22:22-76
34    <uses-permission android:name="android.permission.WAKE_LOCK" /> <!-- Required by older versions of Google Play services to create IID tokens -->
34-->[com.google.firebase:firebase-messaging:21.1.0] AndroidManifest.xml:23:5-68
34-->[com.google.firebase:firebase-messaging:21.1.0] AndroidManifest.xml:23:22-65
35    <uses-permission android:name="com.google.android.c2dm.permission.RECEIVE" /> <!-- for android -->
35-->[com.google.firebase:firebase-messaging:21.1.0] AndroidManifest.xml:25:5-82
35-->[com.google.firebase:firebase-messaging:21.1.0] AndroidManifest.xml:25:22-79
36    <!-- <uses-permission android:name="com.android.launcher.permission.READ_SETTINGS"/> -->
37    <!-- <uses-permission android:name="com.android.launcher.permission.WRITE_SETTINGS"/> -->
38    <!-- <uses-permission android:name="com.android.launcher.permission.INSTALL_SHORTCUT" /> -->
39    <!-- <uses-permission android:name="com.android.launcher.permission.UNINSTALL_SHORTCUT" /> -->
40    <!-- for Samsung -->
41    <uses-permission android:name="com.sec.android.provider.badge.permission.READ" />
41-->[me.leolin:ShortcutBadger:1.1.22] AndroidManifest.xml:19:5-86
41-->[me.leolin:ShortcutBadger:1.1.22] AndroidManifest.xml:19:22-83
42    <uses-permission android:name="com.sec.android.provider.badge.permission.WRITE" /> <!-- for htc -->
42-->[me.leolin:ShortcutBadger:1.1.22] AndroidManifest.xml:20:5-87
42-->[me.leolin:ShortcutBadger:1.1.22] AndroidManifest.xml:20:22-84
43    <uses-permission android:name="com.htc.launcher.permission.READ_SETTINGS" />
43-->[me.leolin:ShortcutBadger:1.1.22] AndroidManifest.xml:23:5-81
43-->[me.leolin:ShortcutBadger:1.1.22] AndroidManifest.xml:23:22-78
44    <uses-permission android:name="com.htc.launcher.permission.UPDATE_SHORTCUT" /> <!-- for sony -->
44-->[me.leolin:ShortcutBadger:1.1.22] AndroidManifest.xml:24:5-83
44-->[me.leolin:ShortcutBadger:1.1.22] AndroidManifest.xml:24:22-80
45    <uses-permission android:name="com.sonyericsson.home.permission.BROADCAST_BADGE" />
45-->[me.leolin:ShortcutBadger:1.1.22] AndroidManifest.xml:27:5-88
45-->[me.leolin:ShortcutBadger:1.1.22] AndroidManifest.xml:27:22-85
46    <uses-permission android:name="com.sonymobile.home.permission.PROVIDER_INSERT_BADGE" /> <!-- for apex -->
46-->[me.leolin:ShortcutBadger:1.1.22] AndroidManifest.xml:28:5-92
46-->[me.leolin:ShortcutBadger:1.1.22] AndroidManifest.xml:28:22-89
47    <uses-permission android:name="com.anddoes.launcher.permission.UPDATE_COUNT" /> <!-- for solid -->
47-->[me.leolin:ShortcutBadger:1.1.22] AndroidManifest.xml:31:5-84
47-->[me.leolin:ShortcutBadger:1.1.22] AndroidManifest.xml:31:22-81
48    <uses-permission android:name="com.majeur.launcher.permission.UPDATE_BADGE" /> <!-- for huawei -->
48-->[me.leolin:ShortcutBadger:1.1.22] AndroidManifest.xml:34:5-83
48-->[me.leolin:ShortcutBadger:1.1.22] AndroidManifest.xml:34:22-80
49    <uses-permission android:name="com.huawei.android.launcher.permission.CHANGE_BADGE" />
49-->[me.leolin:ShortcutBadger:1.1.22] AndroidManifest.xml:37:5-91
49-->[me.leolin:ShortcutBadger:1.1.22] AndroidManifest.xml:37:22-88
50    <uses-permission android:name="com.huawei.android.launcher.permission.READ_SETTINGS" />
50-->[me.leolin:ShortcutBadger:1.1.22] AndroidManifest.xml:38:5-92
50-->[me.leolin:ShortcutBadger:1.1.22] AndroidManifest.xml:38:22-89
51    <uses-permission android:name="com.huawei.android.launcher.permission.WRITE_SETTINGS" /> <!-- for ZUK -->
51-->[me.leolin:ShortcutBadger:1.1.22] AndroidManifest.xml:39:5-93
51-->[me.leolin:ShortcutBadger:1.1.22] AndroidManifest.xml:39:22-90
52    <uses-permission android:name="android.permission.READ_APP_BADGE" /> <!-- for OPPO -->
52-->[me.leolin:ShortcutBadger:1.1.22] AndroidManifest.xml:42:5-73
52-->[me.leolin:ShortcutBadger:1.1.22] AndroidManifest.xml:42:22-70
53    <uses-permission android:name="com.oppo.launcher.permission.READ_SETTINGS" />
53-->[me.leolin:ShortcutBadger:1.1.22] AndroidManifest.xml:45:5-82
53-->[me.leolin:ShortcutBadger:1.1.22] AndroidManifest.xml:45:22-79
54    <uses-permission android:name="com.oppo.launcher.permission.WRITE_SETTINGS" /> <!-- for EvMe -->
54-->[me.leolin:ShortcutBadger:1.1.22] AndroidManifest.xml:46:5-83
54-->[me.leolin:ShortcutBadger:1.1.22] AndroidManifest.xml:46:22-80
55    <uses-permission android:name="me.everything.badger.permission.BADGE_COUNT_READ" />
55-->[me.leolin:ShortcutBadger:1.1.22] AndroidManifest.xml:49:5-88
55-->[me.leolin:ShortcutBadger:1.1.22] AndroidManifest.xml:49:22-85
56    <uses-permission android:name="me.everything.badger.permission.BADGE_COUNT_WRITE" />
56-->[me.leolin:ShortcutBadger:1.1.22] AndroidManifest.xml:50:5-89
56-->[me.leolin:ShortcutBadger:1.1.22] AndroidManifest.xml:50:22-86
57
58    <application
58-->src\main\AndroidManifest.xml:11:5-53:19
59        android:name="com.ikea_app.MainApplication"
59-->src\main\AndroidManifest.xml:12:7-38
60        android:allowBackup="false"
60-->src\main\AndroidManifest.xml:16:7-34
61        android:appComponentFactory="androidx.core.app.CoreComponentFactory"
61-->[androidx.core:core:1.1.0] AndroidManifest.xml:24:18-86
62        android:debuggable="true"
63        android:icon="@mipmap/ic_launcher"
63-->src\main\AndroidManifest.xml:14:7-41
64        android:label="@string/app_name"
64-->src\main\AndroidManifest.xml:13:7-39
65        android:roundIcon="@mipmap/ic_launcher_round"
65-->src\main\AndroidManifest.xml:15:7-52
66        android:theme="@style/AppTheme"
66-->src\main\AndroidManifest.xml:17:7-38
67        android:usesCleartextTraffic="true" >
67-->src\debug\AndroidManifest.xml:8:9-44
68        <activity android:name="com.facebook.react.devsupport.DevSettingsActivity" />
68-->src\debug\AndroidManifest.xml:11:9-86
68-->src\debug\AndroidManifest.xml:11:19-83
69        <activity
69-->src\main\AndroidManifest.xml:18:7-28:18
70            android:name="com.ikea_app.MainActivity"
70-->src\main\AndroidManifest.xml:19:9-37
71            android:configChanges="keyboard|keyboardHidden|orientation|screenSize|uiMode"
71-->src\main\AndroidManifest.xml:21:9-86
72            android:label="@string/app_name"
72-->src\main\AndroidManifest.xml:20:9-41
73            android:launchMode="singleTask"
73-->src\main\AndroidManifest.xml:22:9-40
74            android:windowSoftInputMode="adjustResize" >
74-->src\main\AndroidManifest.xml:23:9-51
75            <intent-filter>
75-->src\main\AndroidManifest.xml:24:9-27:25
76                <action android:name="android.intent.action.MAIN" />
76-->src\main\AndroidManifest.xml:25:13-65
76-->src\main\AndroidManifest.xml:25:21-62
77
78                <category android:name="android.intent.category.LAUNCHER" />
78-->src\main\AndroidManifest.xml:26:13-73
78-->src\main\AndroidManifest.xml:26:23-70
79            </intent-filter>
80        </activity> <!-- Change the value to true to enable pop-up for in foreground on receiving remote notifications (for prevent duplicating while showing local notifications set this to false) -->
81        <meta-data
81-->src\main\AndroidManifest.xml:31:7-32:42
82            android:name="com.dieam.reactnativepushnotification.notification_foreground"
82-->src\main\AndroidManifest.xml:31:19-95
83            android:value="false" /> <!-- Change the resource name to your App's accent color - or any other color you want -->
83-->src\main\AndroidManifest.xml:32:19-40
84        <meta-data
84-->src\main\AndroidManifest.xml:34:7-35:52
85            android:name="com.dieam.reactnativepushnotification.notification_color"
85-->src\main\AndroidManifest.xml:34:19-90
86            android:resource="@color/white" /> <!-- or @android:color/{name} to use a standard color -->
86-->src\main\AndroidManifest.xml:35:19-50
87        <receiver android:name="com.dieam.reactnativepushnotification.modules.RNPushNotificationActions" />
87-->src\main\AndroidManifest.xml:36:7-106
87-->src\main\AndroidManifest.xml:36:17-103
88        <receiver android:name="com.dieam.reactnativepushnotification.modules.RNPushNotificationPublisher" />
88-->src\main\AndroidManifest.xml:37:7-108
88-->src\main\AndroidManifest.xml:37:17-105
89        <receiver android:name="com.dieam.reactnativepushnotification.modules.RNPushNotificationBootEventReceiver" >
89-->src\main\AndroidManifest.xml:38:7-44:18
89-->src\main\AndroidManifest.xml:38:17-113
90            <intent-filter>
90-->src\main\AndroidManifest.xml:39:11-43:27
91                <action android:name="android.intent.action.BOOT_COMPLETED" />
91-->src\main\AndroidManifest.xml:40:15-77
91-->src\main\AndroidManifest.xml:40:23-74
92                <action android:name="android.intent.action.QUICKBOOT_POWERON" />
92-->src\main\AndroidManifest.xml:41:15-80
92-->src\main\AndroidManifest.xml:41:23-77
93                <action android:name="com.htc.intent.action.QUICKBOOT_POWERON" />
93-->src\main\AndroidManifest.xml:42:15-79
93-->src\main\AndroidManifest.xml:42:23-77
94            </intent-filter>
95        </receiver>
96
97        <service
97-->src\main\AndroidManifest.xml:45:7-51:17
98            android:name="com.dieam.reactnativepushnotification.modules.RNPushNotificationListenerService"
98-->src\main\AndroidManifest.xml:46:11-105
99            android:exported="false" >
99-->src\main\AndroidManifest.xml:47:11-35
100            <intent-filter>
100-->src\main\AndroidManifest.xml:48:11-50:27
101                <action android:name="com.google.firebase.MESSAGING_EVENT" />
101-->src\main\AndroidManifest.xml:49:15-76
101-->src\main\AndroidManifest.xml:49:23-73
102            </intent-filter>
103        </service>
104
105        <provider
105-->[:react-native-image-crop-picker] AndroidManifest.xml:19:9-27:20
106            android:name="androidx.core.content.FileProvider"
106-->[:react-native-image-crop-picker] AndroidManifest.xml:20:13-62
107            android:authorities="com.ikea_app.provider"
107-->[:react-native-image-crop-picker] AndroidManifest.xml:21:13-60
108            android:exported="false"
108-->[:react-native-image-crop-picker] AndroidManifest.xml:22:13-37
109            android:grantUriPermissions="true" >
109-->[:react-native-image-crop-picker] AndroidManifest.xml:23:13-47
110            <meta-data
110-->[:react-native-image-crop-picker] AndroidManifest.xml:24:13-26:58
111                android:name="android.support.FILE_PROVIDER_PATHS"
111-->[:react-native-image-crop-picker] AndroidManifest.xml:25:17-67
112                android:resource="@xml/provider_paths" />
112-->[:react-native-image-crop-picker] AndroidManifest.xml:26:17-55
113        </provider>
114
115        <activity
115-->[:react-native-image-crop-picker] AndroidManifest.xml:29:9-31:72
116            android:name="com.yalantis.ucrop.UCropActivity"
116-->[:react-native-image-crop-picker] AndroidManifest.xml:30:13-60
117            android:theme="@style/Theme.AppCompat.Light.NoActionBar" />
117-->[:react-native-image-crop-picker] AndroidManifest.xml:31:13-69
118
119        <receiver
119-->[com.google.firebase:firebase-messaging:21.1.0] AndroidManifest.xml:28:9-35:20
120            android:name="com.google.firebase.iid.FirebaseInstanceIdReceiver"
120-->[com.google.firebase:firebase-messaging:21.1.0] AndroidManifest.xml:29:13-78
121            android:exported="true"
121-->[com.google.firebase:firebase-messaging:21.1.0] AndroidManifest.xml:30:13-36
122            android:permission="com.google.android.c2dm.permission.SEND" >
122-->[com.google.firebase:firebase-messaging:21.1.0] AndroidManifest.xml:31:13-73
123            <intent-filter>
123-->[com.google.firebase:firebase-messaging:21.1.0] AndroidManifest.xml:32:13-34:29
124                <action android:name="com.google.android.c2dm.intent.RECEIVE" />
124-->[com.google.firebase:firebase-messaging:21.1.0] AndroidManifest.xml:33:17-81
124-->[com.google.firebase:firebase-messaging:21.1.0] AndroidManifest.xml:33:25-78
125            </intent-filter>
126        </receiver>
127        <!--
128             FirebaseMessagingService performs security checks at runtime,
129             but set to not exported to explicitly avoid allowing another app to call it.
130        -->
131        <service
131-->[com.google.firebase:firebase-messaging:21.1.0] AndroidManifest.xml:41:9-48:19
132            android:name="com.google.firebase.messaging.FirebaseMessagingService"
132-->[com.google.firebase:firebase-messaging:21.1.0] AndroidManifest.xml:42:13-82
133            android:directBootAware="true"
133-->[com.google.firebase:firebase-messaging:21.1.0] AndroidManifest.xml:43:13-43
134            android:exported="false" >
134-->[com.google.firebase:firebase-messaging:21.1.0] AndroidManifest.xml:44:13-37
135            <intent-filter android:priority="-500" >
135-->src\main\AndroidManifest.xml:48:11-50:27
136                <action android:name="com.google.firebase.MESSAGING_EVENT" />
136-->src\main\AndroidManifest.xml:49:15-76
136-->src\main\AndroidManifest.xml:49:23-73
137            </intent-filter>
138        </service>
139        <service
139-->[com.google.firebase:firebase-messaging:21.1.0] AndroidManifest.xml:49:9-55:19
140            android:name="com.google.firebase.components.ComponentDiscoveryService"
140-->[com.google.firebase:firebase-messaging:21.1.0] AndroidManifest.xml:50:13-84
141            android:directBootAware="true"
141-->[com.google.firebase:firebase-common:19.5.0] AndroidManifest.xml:35:13-43
142            android:exported="false" >
142-->[com.google.firebase:firebase-messaging:21.1.0] AndroidManifest.xml:51:13-37
143            <meta-data
143-->[com.google.firebase:firebase-messaging:21.1.0] AndroidManifest.xml:52:13-54:85
144                android:name="com.google.firebase.components:com.google.firebase.messaging.FirebaseMessagingRegistrar"
144-->[com.google.firebase:firebase-messaging:21.1.0] AndroidManifest.xml:53:17-119
145                android:value="com.google.firebase.components.ComponentRegistrar" />
145-->[com.google.firebase:firebase-messaging:21.1.0] AndroidManifest.xml:54:17-82
146            <meta-data
146-->[com.google.firebase:firebase-datatransport:17.0.10] AndroidManifest.xml:28:13-30:85
147                android:name="com.google.firebase.components:com.google.firebase.datatransport.TransportRegistrar"
147-->[com.google.firebase:firebase-datatransport:17.0.10] AndroidManifest.xml:29:17-115
148                android:value="com.google.firebase.components.ComponentRegistrar" />
148-->[com.google.firebase:firebase-datatransport:17.0.10] AndroidManifest.xml:30:17-82
149            <meta-data
149-->[com.google.firebase:firebase-iid:21.1.0] AndroidManifest.xml:32:13-34:85
150                android:name="com.google.firebase.components:com.google.firebase.iid.Registrar"
150-->[com.google.firebase:firebase-iid:21.1.0] AndroidManifest.xml:33:17-96
151                android:value="com.google.firebase.components.ComponentRegistrar" />
151-->[com.google.firebase:firebase-iid:21.1.0] AndroidManifest.xml:34:17-82
152            <meta-data
152-->[com.google.firebase:firebase-installations:16.3.5] AndroidManifest.xml:18:13-20:85
153                android:name="com.google.firebase.components:com.google.firebase.installations.FirebaseInstallationsRegistrar"
153-->[com.google.firebase:firebase-installations:16.3.5] AndroidManifest.xml:19:17-127
154                android:value="com.google.firebase.components.ComponentRegistrar" />
154-->[com.google.firebase:firebase-installations:16.3.5] AndroidManifest.xml:20:17-82
155            <!--
156                This registrar is not defined in the dynamic-module-support sdk itself to allow non-firebase
157                clients to use it as well, by defining this registrar in their own core/common library.
158            -->
159            <meta-data
159-->[com.google.firebase:firebase-common:19.5.0] AndroidManifest.xml:43:13-45:85
160                android:name="com.google.firebase.components:com.google.firebase.dynamicloading.DynamicLoadingRegistrar"
160-->[com.google.firebase:firebase-common:19.5.0] AndroidManifest.xml:44:17-121
161                android:value="com.google.firebase.components.ComponentRegistrar" />
161-->[com.google.firebase:firebase-common:19.5.0] AndroidManifest.xml:45:17-82
162        </service>
163        <service
163-->[com.google.android.datatransport:transport-backend-cct:2.3.3] AndroidManifest.xml:29:9-35:19
164            android:name="com.google.android.datatransport.runtime.backends.TransportBackendDiscovery"
164-->[com.google.android.datatransport:transport-backend-cct:2.3.3] AndroidManifest.xml:30:13-103
165            android:exported="false" >
165-->[com.google.android.datatransport:transport-backend-cct:2.3.3] AndroidManifest.xml:31:13-37
166            <meta-data
166-->[com.google.android.datatransport:transport-backend-cct:2.3.3] AndroidManifest.xml:32:13-34:39
167                android:name="backend:com.google.android.datatransport.cct.CctBackendFactory"
167-->[com.google.android.datatransport:transport-backend-cct:2.3.3] AndroidManifest.xml:33:17-94
168                android:value="cct" />
168-->[com.google.android.datatransport:transport-backend-cct:2.3.3] AndroidManifest.xml:34:17-36
169        </service>
170        <service
170-->[com.google.android.datatransport:transport-runtime:2.2.5] AndroidManifest.xml:26:9-30:19
171            android:name="com.google.android.datatransport.runtime.scheduling.jobscheduling.JobInfoSchedulerService"
171-->[com.google.android.datatransport:transport-runtime:2.2.5] AndroidManifest.xml:27:13-117
172            android:exported="false"
172-->[com.google.android.datatransport:transport-runtime:2.2.5] AndroidManifest.xml:28:13-37
173            android:permission="android.permission.BIND_JOB_SERVICE" >
173-->[com.google.android.datatransport:transport-runtime:2.2.5] AndroidManifest.xml:29:13-69
174        </service>
175
176        <receiver
176-->[com.google.android.datatransport:transport-runtime:2.2.5] AndroidManifest.xml:32:9-34:40
177            android:name="com.google.android.datatransport.runtime.scheduling.jobscheduling.AlarmManagerSchedulerBroadcastReceiver"
177-->[com.google.android.datatransport:transport-runtime:2.2.5] AndroidManifest.xml:33:13-132
178            android:exported="false" />
178-->[com.google.android.datatransport:transport-runtime:2.2.5] AndroidManifest.xml:34:13-37
179
180        <provider
180-->[com.google.firebase:firebase-common:19.5.0] AndroidManifest.xml:26:9-31:39
181            android:name="com.google.firebase.provider.FirebaseInitProvider"
181-->[com.google.firebase:firebase-common:19.5.0] AndroidManifest.xml:27:13-77
182            android:authorities="com.ikea_app.firebaseinitprovider"
182-->[com.google.firebase:firebase-common:19.5.0] AndroidManifest.xml:28:13-72
183            android:directBootAware="true"
183-->[com.google.firebase:firebase-common:19.5.0] AndroidManifest.xml:29:13-43
184            android:exported="false"
184-->[com.google.firebase:firebase-common:19.5.0] AndroidManifest.xml:30:13-37
185            android:initOrder="100" />
185-->[com.google.firebase:firebase-common:19.5.0] AndroidManifest.xml:31:13-36
186
187        <meta-data
187-->[com.google.android.gms:play-services-basement:17.0.0] AndroidManifest.xml:23:9-25:69
188            android:name="com.google.android.gms.version"
188-->[com.google.android.gms:play-services-basement:17.0.0] AndroidManifest.xml:24:13-58
189            android:value="@integer/google_play_services_version" />
189-->[com.google.android.gms:play-services-basement:17.0.0] AndroidManifest.xml:25:13-66
190    </application>
191
192</manifest>